0 info it worked if it ends with ok
1 verbose cli [ '/Users/ray/.nvm/versions/node/v6.11.5/bin/node',
1 verbose cli   '/Users/ray/.nvm/versions/node/v6.11.5/bin/npm',
1 verbose cli   'run',
1 verbose cli   'lint' ]
2 info using npm@3.10.10
3 info using node@v6.11.5
4 verbose run-script [ 'prelint', 'lint', 'postlint' ]
5 info lifecycle uchews@1.0.0~prelint: uchews@1.0.0
6 silly lifecycle uchews@1.0.0~prelint: no script for prelint, continuing
7 info lifecycle uchews@1.0.0~lint: uchews@1.0.0
8 verbose lifecycle uchews@1.0.0~lint: unsafe-perm in lifecycle true
9 verbose lifecycle uchews@1.0.0~lint: PATH: /Users/ray/.nvm/versions/node/v6.11.5/lib/node_modules/npm/bin/node-gyp-bin:/Users/ray/Development/HR/git/W6/uchews/node_modules/.bin:/Users/ray/.nvm/versions/node/v6.11.5/bin:/Users/ray/.rvm/gems/ruby-2.4.0/bin:/Users/ray/.rvm/gems/ruby-2.4.0@global/bin:/Users/ray/.rvm/rubies/ruby-2.4.0/bin:/usr/local/bin:/usr/bin:/bin:/usr/sbin:/sbin:/Users/ray/.rvm/bin
10 verbose lifecycle uchews@1.0.0~lint: CWD: /Users/ray/Development/HR/git/W6/uchews
11 silly lifecycle uchews@1.0.0~lint: Args: [ '-c', 'eslint **/*.js' ]
12 silly lifecycle uchews@1.0.0~lint: Returned: code: 1  signal: null
13 info lifecycle uchews@1.0.0~lint: Failed to exec lint script
14 verbose stack Error: uchews@1.0.0 lint: `eslint **/*.js`
14 verbose stack Exit status 1
14 verbose stack     at EventEmitter.<anonymous> (/Users/ray/.nvm/versions/node/v6.11.5/lib/node_modules/npm/lib/utils/lifecycle.js:255:16)
14 verbose stack     at emitTwo (events.js:106:13)
14 verbose stack     at EventEmitter.emit (events.js:191:7)
14 verbose stack     at ChildProcess.<anonymous> (/Users/ray/.nvm/versions/node/v6.11.5/lib/node_modules/npm/lib/utils/spawn.js:40:14)
14 verbose stack     at emitTwo (events.js:106:13)
14 verbose stack     at ChildProcess.emit (events.js:191:7)
14 verbose stack     at maybeClose (internal/child_process.js:920:16)
14 verbose stack     at Process.ChildProcess._handle.onexit (internal/child_process.js:230:5)
15 verbose pkgid uchews@1.0.0
16 verbose cwd /Users/ray/Development/HR/git/W6/uchews
17 error Darwin 16.7.0
18 error argv "/Users/ray/.nvm/versions/node/v6.11.5/bin/node" "/Users/ray/.nvm/versions/node/v6.11.5/bin/npm" "run" "lint"
19 error node v6.11.5
20 error npm  v3.10.10
21 error code ELIFECYCLE
22 error uchews@1.0.0 lint: `eslint **/*.js`
22 error Exit status 1
23 error Failed at the uchews@1.0.0 lint script 'eslint **/*.js'.
23 error Make sure you have the latest version of node.js and npm installed.
23 error If you do, this is most likely a problem with the uchews package,
23 error not with npm itself.
23 error Tell the author that this fails on your system:
23 error     eslint **/*.js
23 error You can get information on how to open an issue for this project with:
23 error     npm bugs uchews
23 error Or if that isn't available, you can get their info via:
23 error     npm owner ls uchews
23 error There is likely additional logging output above.
24 verbose exit [ 1, true ]
